<?xml version="1.0" encoding="UTF-8"?>
<testsuite xmlns:xsi="http://www.w3.org/2001/XMLSchema-instance" xsi:noNamespaceSchemaLocation="https://maven.apache.org/surefire/maven-surefire-plugin/xsd/surefire-test-report-3.0.xsd" version="3.0" name="praktikum.BurgerTests" time="0.24" tests="5" errors="0" skipped="0" failures="0">
  <properties>
[...]
</properties>
  <testcase name="getPriceTest" classname="praktikum.BurgerTests" time="0.081"/>
  <testcase name="addIngredientTest" classname="praktikum.BurgerTests" time="0.0"/>
  <testcase name="setBunsTest" classname="praktikum.BurgerTests" time="0.0"/>
  <testcase name="removeIngredientTest" classname="praktikum.BurgerTests" time="0.0"/>
  <testcase name="getReceiptTest" classname="praktikum.BurgerTests" time="0.159"/>
</testsuite>